<?xml version="1.0" encoding="UTF-8"?>
<testsuite name="TestClassTest" tests="1" skipped="0" failures="0" errors="0" timestamp="2023-05-14T05:49:20" hostname="MacBook-Air" time="0.052">
  <properties/>
  <testcase name="doSomethingでdateに現在時刻が設定されている()" classname="TestClassTest" time="0.052"/>
  <system-out><![CDATA[setupだよ
tearDownだよ
]]></system-out>
  <system-err><![CDATA[]]></system-err>
</testsuite>
