<?xml version="1.0" encoding="UTF-8"?>
<testsuite name="TestClassTest" tests="1" skipped="0" failures="0" errors="0" timestamp="2023-05-21T05:12:39" hostname="MacBook-Air" time="3.802">
  <properties/>
  <testcase name="listSpyTest2()" classname="TestClassTest" time="3.802"/>
  <system-out><![CDATA[setupだよ
14:12:39.964 [Test worker] DEBUG io.mockk.impl.instantiation.AbstractMockFactory -- Creating spyk for ArrayList name=#1
14:12:43.023 [Test worker] DEBUG io.mockk.impl.recording.states.AnsweringState -- Answering [null, null, null, null, null, null, null, null, null, null] on ArrayList(#1).grow(1)
14:12:43.030 [Test worker] DEBUG io.mockk.impl.recording.states.AnsweringState -- Answering [null, null, null, null, null, null, null, null, null, null] on ArrayList(#1).grow()
14:12:43.035 [Test worker] DEBUG io.mockk.impl.recording.states.AnsweringState -- Answering null on ArrayList(#1).add(3, [], 0)
14:12:43.037 [Test worker] DEBUG io.mockk.impl.recording.states.AnsweringState -- Answering true on ArrayList(#1).add(3)
14:12:43.046 [Test worker] DEBUG io.mockk.impl.recording.states.AnsweringState -- Answering null on ArrayList(#1).add(4, [3, 4, null, null, null, null, null, null, null, null], 1)
14:12:43.046 [Test worker] DEBUG io.mockk.impl.recording.states.AnsweringState -- Answering true on ArrayList(#1).add(4)
tearDownだよ
]]></system-out>
  <system-err><![CDATA[]]></system-err>
</testsuite>
