<?xml version="1.0" encoding="UTF-8"?>
<testsuite name="TestInfo Demo！！！！！" tests="1" skipped="0" failures="0" errors="0" timestamp="2023-05-19T17:06:25" hostname="MacBook-Air" time="0.0">
  <properties/>
  <testcase name="test2()" classname="TestClassTest$TestInfoDemo" time="0.0"/>
  <system-out><![CDATA[]]></system-out>
  <system-err><![CDATA[]]></system-err>
</testsuite>
