<?xml version="1.0" encoding="UTF-8"?>
<testsuite name="TestClassTest$ExtendWithTest" tests="1" skipped="0" failures="0" errors="0" timestamp="2023-05-19T17:06:25" hostname="MacBook-Air" time="0.006">
  <properties/>
  <testcase name="test()" classname="TestClassTest$ExtendWithTest" time="0.006"/>
  <system-out><![CDATA[beforeAllのテスト！
afterAllのテスト！
]]></system-out>
  <system-err><![CDATA[]]></system-err>
</testsuite>
