<?xml version="1.0" encoding="UTF-8"?>
<testsuite name="TestClassTest$MyTest" tests="1" skipped="0" failures="0" errors="0" timestamp="2023-05-12T15:11:02" hostname="MacBook-Air" time="0.043">
  <properties/>
  <testcase name="test()" classname="TestClassTest$MyTest" time="0.043"/>
  <system-out><![CDATA[beforeAllのテスト！
afterAllのテスト！
]]></system-out>
  <system-err><![CDATA[]]></system-err>
</testsuite>
