<?xml version="1.0" encoding="UTF-8"?>
<testsuite name="TestClassTest" tests="3" skipped="0" failures="0" errors="0" timestamp="2023-05-10T03:50:49" hostname="MacBook-Air" time="0.085">
  <properties/>
  <testcase name="[1] 1" classname="TestClassTest" time="0.07"/>
  <testcase name="[2] 2" classname="TestClassTest" time="0.001"/>
  <testcase name="[3] 3" classname="TestClassTest" time="0.003"/>
  <system-out><![CDATA[]]></system-out>
  <system-err><![CDATA[]]></system-err>
</testsuite>
