<?xml version="1.0" encoding="UTF-8"?>
<testsuite name="TestClassTest" tests="2" skipped="0" failures="0" errors="0" timestamp="2023-05-11T15:57:45" hostname="MacBook-Air" time="0.055">
  <properties/>
  <testcase name="[1] 1, a" classname="TestClassTest" time="0.047"/>
  <testcase name="[2] 2, b" classname="TestClassTest" time="0.004"/>
  <system-out><![CDATA[a
1
b
2
]]></system-out>
  <system-err><![CDATA[]]></system-err>
</testsuite>
