<?xml version="1.0" encoding="UTF-8"?>
<testsuite name="TestClassTest" tests="1" skipped="0" failures="0" errors="0" timestamp="2023-05-13T05:19:55" hostname="MacBook-Air" time="95.778">
  <properties/>
  <testcase name="TempDirのテスト()" classname="TestClassTest" time="95.778"/>
  <system-out><![CDATA[setupだよ
tearDownだよ
]]></system-out>
  <system-err><![CDATA[]]></system-err>
</testsuite>
